make all --print-data-base --no-builtin-variables --no-builtin-rules --question
# GNU Make 4.3
# Built for x86_64-pc-linux-gnu
# Copyright (C) 1988-2020 Free Software Foundation, Inc.
# License GPLv3+: GNU GPL version 3 or later <http://gnu.org/licenses/gpl.html>
# This is free software: you are free to change and redistribute it.
# There is NO WARRANTY, to the extent permitted by law.

# Make data base, printed on Tue Jun 14 10:01:56 2022

# Variables

# environment
JAVA_HOME = /usr/lib/jvm/java-17-openjdk-amd64/
# environment
GDK_BACKEND = x11
# environment
LC_ALL = C
# environment
GNOME_SHELL_SESSION_MODE = ubuntu
# environment
SSH_AGENT_LAUNCHER = gnome-keyring
# environment
GJS_DEBUG_OUTPUT = stderr
# environment
VSCODE_IPC_HOOK_EXTHOST = /run/user/1000/vscode-ipc-def3bb05-c643-48c0-bab5-152d5304e9b5.sock
# environment
MANDATORY_PATH = /usr/share/gconf/ubuntu.mandatory.path
# environment
VSCODE_CWD = /home/luizedu
# environment
WINDOWPATH = 2
# default
MAKE_COMMAND := make
# environment
QT_ACCESSIBILITY = 1
# automatic
@D = $(patsubst %/,%,$(dir $@))
# environment
VSCODE_HANDLES_UNCAUGHT_ERRORS = true
# default
.VARIABLES := 
# environment
PWD = /home/luizedu/Progs/img/2022/intensidade
# automatic
%D = $(patsubst %/,%,$(dir $%))
# environment
XDG_DATA_DIRS = /usr/share/ubuntu:/usr/share/gnome:/usr/local/share/:/usr/share/:/var/lib/snapd/desktop
# automatic
^D = $(patsubst %/,%,$(dir $^))
# environment
VSCODE_LOG_STACK = false
# automatic
%F = $(notdir $%)
# environment
VSCODE_CODE_CACHE_PATH = /home/luizedu/.config/Code/CachedData/4af164ea3a06f701fe3e89a2bcbb421d2026b68f
# environment
LANG = C
# environment
XAUTHORITY = /run/user/1000/gdm/Xauthority
# default
.LOADED := 
# default
.INCLUDE_DIRS = /usr/local/include /usr/include /usr/include
# makefile
MAKEFLAGS = pqrR
# makefile
CURDIR := /home/luizedu/Progs/img/2022/intensidade
# environment
VSCODE_PIPE_LOGGING = true
# environment
APPLICATION_INSIGHTS_NO_DIAGNOSTIC_CHANNEL = 1
# environment
LESSOPEN = | /usr/bin/lesspipe %s
# automatic
*D = $(patsubst %/,%,$(dir $*))
# environment
MFLAGS = -pqrR
# environment
SSH_AUTH_SOCK = /run/user/1000/keyring/ssh
# default
.SHELLFLAGS := -c
# environment
XDG_CONFIG_DIRS = /etc/xdg/xdg-ubuntu:/etc/xdg
# automatic
+D = $(patsubst %/,%,$(dir $+))
# environment
XDG_SESSION_DESKTOP = ubuntu
# makefile (from 'makefile', line 1)
MAKEFILE_LIST := makefile
# automatic
@F = $(notdir $@)
# environment
VSCODE_VERBOSE_LOGGING = true
# environment
VSCODE_PID = 8039
# environment
XDG_SESSION_TYPE = x11
# automatic
?D = $(patsubst %/,%,$(dir $?))
# makefile (from 'makefile', line 3)
 
CCFLAGS = -g
# environment
SESSION_MANAGER = local/bydu:@/tmp/.ICE-unix/2542,unix/bydu:/tmp/.ICE-unix/2542
# automatic
*F = $(notdir $*)
# environment
CHROME_DESKTOP = code-url-handler.desktop
# environment
DBUS_SESSION_BUS_ADDRESS = unix:path=/run/user/1000/bus
# automatic
<D = $(patsubst %/,%,$(dir $<))
# environment
VSCODE_NLS_CONFIG = {"locale":"pt-br","availableLanguages":{"*":"pt-br"},"_languagePackId":"74ce6549a467d1dfaba55fb5394742c9.pt-br","_translationsConfigFile":"/home/luizedu/.config/Code/clp/74ce6549a467d1dfaba55fb5394742c9.pt-br/tcf.json","_cacheRoot":"/home/luizedu/.config/Code/clp/74ce6549a467d1dfaba55fb5394742c9.pt-br","_resolvedLanguagePackCoreLocation":"/home/luizedu/.config/Code/clp/74ce6549a467d1dfaba55fb5394742c9.pt-br/4af164ea3a06f701fe3e89a2bcbb421d2026b68f","_corruptedFile":"/home/luizedu/.config/Code/clp/74ce6549a467d1dfaba55fb5394742c9.pt-br/corrupted.info","_languagePackSupport":true}
# default
MAKE_HOST := x86_64-pc-linux-gnu
# environment
GNOME_DESKTOP_SESSION_ID = this-is-deprecated
# makefile
SHELL = /bin/sh
# default
MAKECMDGOALS := all
# environment
PLATFORMIO_CALLER = vscode
# environment
LD_LIBRARY_PATH = /usr/lib/jvm/java-1.17.0-openjdk-amd64/lib/server:
# environment
XMODIFIERS = @im=ibus
# environment
GJS_DEBUG_TOPICS = JS ERROR;JS LOG
# environment
SHLVL = 0
# environment
MAKELEVEL := 0
# default
MAKE = $(MAKE_COMMAND)
# environment
PATH = /usr/local/lib/nodejs/node-v12.16.2-linux-x64/bin:/home/luizedu/.local/bin:/usr/local/android-studio/bin:/usr/local/lib/nodejs/node-v12.16.2-linux-x64/bin:/home/luizedu/.local/bin:/usr/local/sbin:/usr/local/bin:/usr/sbin:/usr/bin:/sbin:/bin:/usr/games:/usr/local/games:/snap/bin:/snap/bin
# default
MAKEFILES := 
# environment
LANGUAGE = pt_BR:pt:en
# automatic
^F = $(notdir $^)
# environment
INVOCATION_ID = eae0351784b34aa996dec9d8b428f935
# environment
VSCODE_LOG_NATIVE = false
# environment
USERNAME = luizedu
# environment
LESSCLOSE = /usr/bin/lesspipe %s %s
# automatic
?F = $(notdir $?)
# environment
GTK_IM_MODULE = cedilla
# environment
NO_PROXY = 127.0.0.1
# environment
XDG_CURRENT_DESKTOP = Unity
# environment
LS_COLORS = 
# automatic
+F = $(notdir $+)
# environment
DESKTOP_SESSION = ubuntu
# environment
ORIGINAL_XDG_CURRENT_DESKTOP = ubuntu:GNOME
# makefile (from 'makefile', line 6)
OBJECTS = $(SOURCES:.c=.o)
# 'override' directive
GNUMAKEFLAGS := 
# environment
LOGNAME = luizedu
# environment
GIO_LAUNCHED_DESKTOP_FILE = /usr/share/applications/code.desktop
# environment
PLATFORMIO_PATH = /home/luizedu/.platformio/penv/bin:/home/luizedu/.platformio/penv:/home/luizedu/.platformio/python3/bin:/usr/local/lib/nodejs/node-v12.16.2-linux-x64/bin:/home/luizedu/.local/bin:/usr/local/android-studio/bin:/usr/local/lib/nodejs/node-v12.16.2-linux-x64/bin:/home/luizedu/.local/bin:/usr/local/sbin:/usr/local/bin:/usr/sbin:/usr/bin:/sbin:/bin:/usr/games:/usr/local/games:/snap/bin:/snap/bin
# makefile
.DEFAULT_GOAL := all
# environment
SYSTEMD_EXEC_PID = 2568
# environment
DISPLAY = :1
# environment
USER = luizedu
# environment
GTK_MODULES = gail:atk-bridge
# environment
DEFAULTS_PATH = /usr/share/gconf/ubuntu.default.path
# default
MAKE_VERSION := 4.3
# makefile (from 'makefile', line 4)
LDFLAGS = -lm
# environment
MANAGERPID = 2309
# environment
GIO_LAUNCHED_DESKTOP_FILE_PID = 8039
# environment
_ = /usr/share/code/code
# environment
XDG_RUNTIME_DIR = /run/user/1000
# environment
GPG_AGENT_INFO = /run/user/1000/gnupg/S.gpg-agent:0:1
# environment
JOURNAL_STREAM = 8:42024
# environment
XDG_SESSION_CLASS = user
# environment
VSCODE_AMD_ENTRYPOINT = vs/workbench/api/node/extensionHostProcess
# environment
PLATFORMIO_IDE = 2.4.3
# environment
HOME = /home/luizedu
# environment
QT_IM_MODULE = cedilla
# environment
ELECTRON_RUN_AS_NODE = 1
# environment
VSCODE_IPC_HOOK = /run/user/1000/vscode-a92057e8-1.68.0-main.sock
# default
.RECIPEPREFIX := 
# automatic
<F = $(notdir $<)
# default
SUFFIXES := 
# makefile (from 'makefile', line 7)
TARGET = intens
# default
.FEATURES := target-specific order-only second-expansion else-if shortest-stem undefine oneshell nocomment grouped-target extra-prereqs archives jobserver output-sync check-symlink load
# makefile (from 'makefile', line 1)
CC = gcc
# makefile (from 'makefile', line 5)
SOURCES = $(wildcard *.c)
# environment
XDG_MENU_PREFIX = gnome-
# environment
GDMSESSION = ubuntu
# variable set hash-table stats:
# Load=113/1024=11%, Rehash=0, Collisions=6/147=4%

# Pattern-specific Variable Values

# No pattern-specific variable values.

# Directories

# . (device 2068, inode 28321193): 13 files, no impossibilities.

# 13 files, no impossibilities in 1 directories.

# Implicit Rules

%.o: %.c %.h
#  recipe to execute (from 'makefile', line 14):
	\
    $(CC) $(CCFLAGS) -c $<

%.o: %.c
#  recipe to execute (from 'makefile', line 17):
	\
    $(CC) $(CCFLAGS) -c $<

# 2 implicit rules, 0 (0.0%) terminal.
# Files

imagelib.o: imagelib.c imagelib.h
#  Implicit rule search has been done.
#  Implicit/static pattern stem: 'imagelib'
#  Last modified 2022-06-14 10:01:35.596475458
#  File has been updated.
#  Successfully updated.
#  recipe to execute (from 'makefile', line 14):
	\
    $(CC) $(CCFLAGS) -c $<

# Not a target:
intensity.c:
#  Implicit rule search has been done.
#  Last modified 2022-06-14 09:59:53.499316842
#  File has been updated.
#  Successfully updated.

# Not a target:
imagelib.h:
#  Implicit rule search has been done.
#  Last modified 2022-06-07 11:51:06.187046
#  File has been updated.
#  Successfully updated.

# Not a target:
imagelib.c:
#  Implicit rule search has been done.
#  Last modified 2022-06-07 16:50:14.429121
#  File has been updated.
#  Successfully updated.

clean:
#  Implicit rule search has not been done.
#  Modification time never checked.
#  File has not been updated.
#  recipe to execute (from 'makefile', line 20):
	\
    rm -f *.o *-result.p*m $(TARGET);\


intens: imagelib.o intensity.o
#  Implicit rule search has not been done.
#  Last modified 2022-06-14 10:01:35.668476244
#  File has been updated.
#  Successfully updated.
#  recipe to execute (from 'makefile', line 11):
	\
    $(CC) -g -o $@ $^ $(LDFLAGS) 

# Not a target:
.DEFAULT:
#  Implicit rule search has not been done.
#  Modification time never checked.
#  File has not been updated.

intensity.o: intensity.c
#  Implicit rule search has been done.
#  Implicit/static pattern stem: 'intensity'
#  Last modified 2022-06-14 10:01:35.628475808
#  File has been updated.
#  Successfully updated.
#  recipe to execute (from 'makefile', line 17):
	\
    $(CC) $(CCFLAGS) -c $<

all: intens
#  Command line target.
#  Implicit rule search has been done.
#  File does not exist.
#  File has been updated.
#  Successfully updated.

# Not a target:
makefile:
#  Implicit rule search has been done.
#  Last modified 2022-06-14 10:01:16.912269935
#  File has been updated.
#  Successfully updated.

# files hash-table stats:
# Load=11/1024=1%, Rehash=0, Collisions=0/36=0%
# VPATH Search Paths

# No 'vpath' search paths.

# No general ('VPATH' variable) search path.

# strcache buffers: 1 (0) / strings = 25 / storage = 226 B / avg = 9 B
# current buf: size = 8162 B / used = 226 B / count = 25 / avg = 9 B

# strcache performance: lookups = 46 / hit rate = 45%
# hash-table stats:
# Load=25/8192=0%, Rehash=0, Collisions=0/46=0%
# Finished Make data base on Tue Jun 14 10:01:56 2022

 
